

Version:	3.50
CmdLine:	C:\Users\himan\Desktop\JAVA PROJECT\Employee Management System\Employee.exe --l4j-debug
JNI:		No
WOW64:		Yes
Working dir:	C:\Users\himan\Desktop\JAVA PROJECT\Employee Management System\.
Requires JDK:	Yes
Requires 64-Bit: No
Java min ver:	1.011.000
Java max ver:	
Substitute:	JAVA_HOME = C:\Program Files\Java\jdk-22
Substitute:	PATH = C:\Program Files\Common Files\Oracle\Java\javapath;C:\Program Files (x86)\Common Files\Oracle\Java\java8path;C:\Program Files (x86)\Common Files\Oracle\Java\javapath;C:\Program Files\nodejs;"C:\Windows\System32;C:\Program Files\Java\jdk-22\bin";C:\Program Files\nodejs\;C:\Program Files\Docker\Docker\resources\bin;C:\Program Files\Amazon\AWSCLIV2\;C:\Program Files\Java\jdk-22\bin;C:\Program Files\Java\jdk-22\bin;C:\Program Files\MySQL\MySQL Shell 8.0\bin\;C:\Users\himan\AppData\Local\Programs\Python\Launcher\;C:\Users\himan\AppData\Local\Programs\Python\Python37\Scripts\;C:\Users\himan\AppData\Local\Programs\Python\Python37\;C:\Users\himan\anaconda3;C:\Users\himan\anaconda3\Library\mingw-w64\bin;C:\Users\himan\anaconda3\Library\usr\bin;C:\Users\himan\anaconda3\Library\bin;C:\Users\himan\anaconda3\Scripts;C:\Users\himan\AppData\Local\Programs\Python\Python310\Scripts\;C:\Users\himan\AppData\Local\Programs\Python\Python310\;C:\Users\himan\AppData\Local\Microsoft\WindowsApps;C:\Users\himan\AppData\Local\Programs\Microsoft VS Code\bin;C:\Program Files\JetBrains\PyCharm Community Edition 2022.2\bin;C:\Program Files\MongoDB\Server\7.0\bin;C:\Program Files\JetBrains\IntelliJ IDEA 2024.3.1.1\bin;C:\Program Files\JetBrains\IntelliJ IDEA Community Edition 2024.3.2.2\bin;C:\Users\himan\AppData\Roaming\npm;C:\Program Files\Java\jdk-22\bin
JRE paths:	C:\Program Files\Java\jdk-22;C:\Program Files\Common Files\Oracle\Java\javapath;C:\Program Files (x86)\Common Files\Oracle\Java\java8path;C:\Program Files (x86)\Common Files\Oracle\Java\javapath;C:\Program Files\nodejs;"C:\Windows\System32;C:\Program Files\Java\jdk-22\bin";C:\Program Files\nodejs\;C:\Program Files\Docker\Docker\resources\bin;C:\Program Files\Amazon\AWSCLIV2\;C:\Program Files\Java\jdk-22\bin;C:\Program Files\Java\jdk-22\bin;C:\Program Files\MySQL\MySQL Shell 8.0\bin\;C:\Users\himan\AppData\Local\Programs\Python\Launcher\;C:\Users\himan\AppData\Local\Programs\Python\Python37\Scripts\;C:\Users\himan\AppData\Local\Programs\Python\Python37\;C:\Users\himan\anaconda3;C:\Users\himan\anaconda3\Library\mingw-w64\bin;C:\Users\himan\anaconda3\Library\usr\bin;C:\Users\himan\anaconda3\Library\bin;C:\Users\himan\anaconda3\Scripts;C:\Users\himan\AppData\Local\Programs\Python\Python310\Scripts\;C:\Users\himan\AppData\Local\Programs\Python\Python310\;C:\Users\himan\AppData\Local\Microsoft\WindowsApps;C:\Users\himan\AppData\Local\Programs\Microsoft VS Code\bin;C:\Program Files\JetBrains\PyCharm Community Edition 2022.2\bin;C:\Program Files\MongoDB\Server\7.0\bin;C:\Program Files\JetBrains\IntelliJ IDEA 2024.3.1.1\bin;C:\Program Files\JetBrains\IntelliJ IDEA Community Edition 2024.3.2.2\bin;C:\Users\himan\AppData\Roaming\npm;C:\Program Files\Java\jdk-22\bin
Check launcher:	C:\Program Files\Java\jdk-22\bin\javaw.exe (OK)
Check javac:	C:\Program Files\Java\jdk-22\bin\javac.exe (OK)
Version string: 1.022.000_002 / 64-Bit (OK)
Main class:	App
Add classpath:	lib\jcalendar-1.4.jar
Add classpath:	lib\rs2xml.jar
Add classpath:	lib\mysql-connector-j-9.0.0.jar
Add classpath:	lib\calendar-2.1.0.jar
Launcher:	C:\Program Files\Java\jdk-22\bin\javaw.exe
Launcher args:	-classpath "C:\Users\himan\Desktop\JAVA PROJECT\Employee Management System\Employee.exe;lib\jcalendar-1.4.jar;lib\rs2xml.jar;lib\mysql-connector-j-9.0.0.jar;lib\calendar-2.1.0.jar" App
Args length:	184/32768 chars
Exit code:	0


Version:	3.50
CmdLine:	C:\Users\himan\Desktop\JAVA PROJECT\Employee Management System\Employee.exe --l4j-debug
JNI:		No
WOW64:		Yes
Working dir:	C:\Users\himan\Desktop\JAVA PROJECT\Employee Management System\.
Requires JDK:	Yes
Requires 64-Bit: No
Java min ver:	1.011.000
Java max ver:	
Substitute:	JAVA_HOME = C:\Program Files\Java\jdk-22
Substitute:	PATH = C:\Program Files\Common Files\Oracle\Java\javapath;C:\Program Files (x86)\Common Files\Oracle\Java\java8path;C:\Program Files (x86)\Common Files\Oracle\Java\javapath;C:\Program Files\nodejs;"C:\Windows\System32;C:\Program Files\Java\jdk-22\bin";C:\Program Files\nodejs\;C:\Program Files\Docker\Docker\resources\bin;C:\Program Files\Amazon\AWSCLIV2\;C:\Program Files\Java\jdk-22\bin;C:\Program Files\Java\jdk-22\bin;C:\Program Files\MySQL\MySQL Shell 8.0\bin\;C:\Users\himan\AppData\Local\Programs\Python\Launcher\;C:\Users\himan\AppData\Local\Programs\Python\Python37\Scripts\;C:\Users\himan\AppData\Local\Programs\Python\Python37\;C:\Users\himan\anaconda3;C:\Users\himan\anaconda3\Library\mingw-w64\bin;C:\Users\himan\anaconda3\Library\usr\bin;C:\Users\himan\anaconda3\Library\bin;C:\Users\himan\anaconda3\Scripts;C:\Users\himan\AppData\Local\Programs\Python\Python310\Scripts\;C:\Users\himan\AppData\Local\Programs\Python\Python310\;C:\Users\himan\AppData\Local\Microsoft\WindowsApps;C:\Users\himan\AppData\Local\Programs\Microsoft VS Code\bin;C:\Program Files\JetBrains\PyCharm Community Edition 2022.2\bin;C:\Program Files\MongoDB\Server\7.0\bin;C:\Program Files\JetBrains\IntelliJ IDEA 2024.3.1.1\bin;C:\Program Files\JetBrains\IntelliJ IDEA Community Edition 2024.3.2.2\bin;C:\Users\himan\AppData\Roaming\npm;C:\Program Files\Java\jdk-22\bin
JRE paths:	C:\Program Files\Java\jdk-22;C:\Program Files\Common Files\Oracle\Java\javapath;C:\Program Files (x86)\Common Files\Oracle\Java\java8path;C:\Program Files (x86)\Common Files\Oracle\Java\javapath;C:\Program Files\nodejs;"C:\Windows\System32;C:\Program Files\Java\jdk-22\bin";C:\Program Files\nodejs\;C:\Program Files\Docker\Docker\resources\bin;C:\Program Files\Amazon\AWSCLIV2\;C:\Program Files\Java\jdk-22\bin;C:\Program Files\Java\jdk-22\bin;C:\Program Files\MySQL\MySQL Shell 8.0\bin\;C:\Users\himan\AppData\Local\Programs\Python\Launcher\;C:\Users\himan\AppData\Local\Programs\Python\Python37\Scripts\;C:\Users\himan\AppData\Local\Programs\Python\Python37\;C:\Users\himan\anaconda3;C:\Users\himan\anaconda3\Library\mingw-w64\bin;C:\Users\himan\anaconda3\Library\usr\bin;C:\Users\himan\anaconda3\Library\bin;C:\Users\himan\anaconda3\Scripts;C:\Users\himan\AppData\Local\Programs\Python\Python310\Scripts\;C:\Users\himan\AppData\Local\Programs\Python\Python310\;C:\Users\himan\AppData\Local\Microsoft\WindowsApps;C:\Users\himan\AppData\Local\Programs\Microsoft VS Code\bin;C:\Program Files\JetBrains\PyCharm Community Edition 2022.2\bin;C:\Program Files\MongoDB\Server\7.0\bin;C:\Program Files\JetBrains\IntelliJ IDEA 2024.3.1.1\bin;C:\Program Files\JetBrains\IntelliJ IDEA Community Edition 2024.3.2.2\bin;C:\Users\himan\AppData\Roaming\npm;C:\Program Files\Java\jdk-22\bin
Check launcher:	C:\Program Files\Java\jdk-22\bin\javaw.exe (OK)
Check javac:	C:\Program Files\Java\jdk-22\bin\javac.exe (OK)
Version string: 1.022.000_002 / 64-Bit (OK)
Main class:	App
Add classpath:	lib\jcalendar-1.4.jar
Add classpath:	lib\rs2xml.jar
Add classpath:	lib\mysql-connector-j-9.0.0.jar
Add classpath:	lib\calendar-2.1.0.jar
Launcher:	C:\Program Files\Java\jdk-22\bin\javaw.exe
Launcher args:	-classpath "C:\Users\himan\Desktop\JAVA PROJECT\Employee Management System\Employee.exe;lib\jcalendar-1.4.jar;lib\rs2xml.jar;lib\mysql-connector-j-9.0.0.jar;lib\calendar-2.1.0.jar" App
Args length:	184/32768 chars
Exit code:	0
